This is pdfTeX, Version 3.14159265-2.6-1.40.17 (TeX Live 2016) (preloaded format=pdflatex 2016.5.22)  13 APR 2018 07:31
entering extended mode
 restricted \write18 enabled.
 file:line:error style messages enabled.
 %&-line parsing enabled.
**report
(./report.tex
LaTeX2e <2016/03/31>
Babel <3.9r> and hyphenation patterns for 83 language(s) loaded.
(/usr/local/texlive/2016/texmf-dist/tex/latex/url/url.sty
\Urlmuskip=\muskip10
Package: url 2013/09/16  ver 3.4  Verb mode for urls, etc.
) (./iureport.cls
Document Class: iureport 2017/01/07 v1.28 Typesetting articles for Association of Computing Machinery
(/usr/local/texlive/2016/texmf-dist/tex/latex/xkeyval/xkeyval.sty
Package: xkeyval 2014/12/03 v2.7a package option processing (HA)
 (/usr/local/texlive/2016/texmf-dist/tex/generic/xkeyval/xkeyval.tex (/usr/local/texlive/2016/texmf-dist/tex/generic/xkeyval/xkvutils.tex
\XKV@toks=\toks14
\XKV@tempa@toks=\toks15
 (/usr/local/texlive/2016/texmf-dist/tex/generic/xkeyval/keyval.tex))
\XKV@depth=\count79
File: xkeyval.tex 2014/12/03 v2.7a key=value parser (HA)
))
Package iureport Info: Not using screen mode on input line 70.
Package iureport Info: Not using review mode on input line 78.
Package iureport Info: Not using authorversion mode on input line 86.
Package iureport Info: Not using anonymous mode on input line 104.
Class iureport Info: Using format sigconf, number 4 on input line 113.
Class iureport Info: Using fontsize 9pt on input line 169.
 (/usr/local/texlive/2016/texmf-dist/tex/latex/amscls/amsart.cls
Document Class: amsart 2015/03/04 v2.20.2
\linespacing=\dimen102
\normalparindent=\dimen103
\normaltopskip=\skip41
(/usr/local/texlive/2016/texmf-dist/tex/latex/amsmath/amsmath.sty
Package: amsmath 2016/03/10 v2.15b AMS math features
\@mathmargin=\skip42

For additional information on amsmath, use the `?' option.
(/usr/local/texlive/2016/texmf-dist/tex/latex/amsmath/amstext.sty
Package: amstext 2000/06/29 v2.01 AMS text
 (/usr/local/texlive/2016/texmf-dist/tex/latex/amsmath/amsgen.sty
File: amsgen.sty 1999/11/30 v2.0 generic functions
\@emptytoks=\toks16
\ex@=\dimen104
)) (/usr/local/texlive/2016/texmf-dist/tex/latex/amsmath/amsbsy.sty
Package: amsbsy 1999/11/29 v1.2d Bold Symbols
\pmbraise@=\dimen105
) (/usr/local/texlive/2016/texmf-dist/tex/latex/amsmath/amsopn.sty
Package: amsopn 2016/03/08 v2.02 operator names
)
\inf@bad=\count80
LaTeX Info: Redefining \frac on input line 199.
\uproot@=\count81
\leftroot@=\count82
LaTeX Info: Redefining \overline on input line 297.
\classnum@=\count83
\DOTSCASE@=\count84
LaTeX Info: Redefining \ldots on input line 394.
LaTeX Info: Redefining \dots on input line 397.
LaTeX Info: Redefining \cdots on input line 518.
\Mathstrutbox@=\box26
\strutbox@=\box27
\big@size=\dimen106
LaTeX Font Info:    Redeclaring font encoding OML on input line 634.
LaTeX Font Info:    Redeclaring font encoding OMS on input line 635.
\macc@depth=\count85
\c@MaxMatrixCols=\count86
\dotsspace@=\muskip11
\c@parentequation=\count87
\dspbrk@lvl=\count88
\tag@help=\toks17
\row@=\count89
\column@=\count90
\maxfields@=\count91
\andhelp@=\toks18
\eqnshift@=\dimen107
\alignsep@=\dimen108
\tagshift@=\dimen109
\tagwidth@=\dimen110
\totwidth@=\dimen111
\lineht@=\dimen112
\@envbody=\toks19
\multlinegap=\skip43
\multlinetaggap=\skip44
\mathdisplay@stack=\toks20
LaTeX Info: Redefining \[ on input line 2739.
LaTeX Info: Redefining \] on input line 2740.
)
LaTeX Font Info:    Try loading font information for U+msa on input line 388.
 (/usr/local/texlive/2016/texmf-dist/tex/latex/amsfonts/umsa.fd
File: umsa.fd 2013/01/14 v3.01 AMS symbols A
) (/usr/local/texlive/2016/texmf-dist/tex/latex/amsfonts/amsfonts.sty
Package: amsfonts 2013/01/14 v3.01 Basic AMSFonts support
\symAMSa=\mathgroup4
\symAMSb=\mathgroup5
LaTeX Font Info:    Overwriting math alphabet `\mathfrak' in version `bold'
(Font)                  U/euf/m/n --> U/euf/b/n on input line 106.
)
\copyins=\insert199
\abstractbox=\box28
\listisep=\skip45
\c@part=\count92
\c@section=\count93
\c@subsection=\count94
\c@subsubsection=\count95
\c@paragraph=\count96
\c@subparagraph=\count97
\c@figure=\count98
\c@table=\count99
\abovecaptionskip=\skip46
\belowcaptionskip=\skip47
\captionindent=\dimen113
\thm@style=\toks21
\thm@bodyfont=\toks22
\thm@headfont=\toks23
\thm@notefont=\toks24
\thm@headpunct=\toks25
\thm@preskip=\skip48
\thm@postskip=\skip49
\thm@headsep=\skip50
\dth@everypar=\toks26
) (/usr/local/texlive/2016/texmf-dist/tex/latex/microtype/microtype.sty
Package: microtype 2016/05/14 v2.6a Micro-typographical refinements (RS)
\MT@toks=\toks27
\MT@count=\count100
LaTeX Info: Redefining \textls on input line 774.
\MT@outer@kern=\dimen114
LaTeX Info: Redefining \textmicrotypecontext on input line 1310.
\MT@listname@count=\count101
 (/usr/local/texlive/2016/texmf-dist/tex/latex/microtype/microtype-pdftex.def
File: microtype-pdftex.def 2016/05/14 v2.6a Definitions specific to pdftex (RS)
LaTeX Info: Redefining \lsstyle on input line 916.
LaTeX Info: Redefining \lslig on input line 916.
\MT@outer@space=\skip51
)
Package microtype Info: Loading configuration file microtype.cfg.
 (/usr/local/texlive/2016/texmf-dist/tex/latex/microtype/microtype.cfg
File: microtype.cfg 2016/05/14 v2.6a microtype main configuration file (RS)
)) (/usr/local/texlive/2016/texmf-dist/tex/latex/totpages/totpages.sty
Package: totpages 2005/09/19 v2.00 Totpages Package (muewi)
 (/usr/local/texlive/2016/texmf-dist/tex/latex/ms/everyshi.sty
Package: everyshi 2001/05/15 v3.00 EveryShipout Package (MS)
)) (/usr/local/texlive/2016/texmf-dist/tex/latex/environ/environ.sty
Package: environ 2014/05/04 v0.3 A new way to define environments
 (/usr/local/texlive/2016/texmf-dist/tex/latex/trimspaces/trimspaces.sty
Package: trimspaces 2009/09/17 v1.1 Trim spaces around a token list
)) (/usr/local/texlive/2016/texmf-dist/tex/latex/natbib/natbib.sty
Package: natbib 2010/09/13 8.31b (PWD, AO)
\bibhang=\skip52
\bibsep=\skip53
LaTeX Info: Redefining \cite on input line 694.
\c@NAT@ctr=\count102
) (/usr/local/texlive/2016/texmf-dist/tex/latex/hyperref/hyperref.sty
Package: hyperref 2016/05/05 v6.83n Hypertext links for LaTeX
 (/usr/local/texlive/2016/texmf-dist/tex/generic/oberdiek/hobsub-hyperref.sty
Package: hobsub-hyperref 2016/05/16 v1.14 Bundle oberdiek, subset hyperref (HO)
 (/usr/local/texlive/2016/texmf-dist/tex/generic/oberdiek/hobsub-generic.sty
Package: hobsub-generic 2016/05/16 v1.14 Bundle oberdiek, subset generic (HO)
Package: hobsub 2016/05/16 v1.14 Construct package bundles (HO)
Package: infwarerr 2016/05/16 v1.4 Providing info/warning/error messages (HO)
Package: ltxcmds 2016/05/16 v1.23 LaTeX kernel commands for general use (HO)
Package: ifluatex 2016/05/16 v1.4 Provides the ifluatex switch (HO)
Package ifluatex Info: LuaTeX not detected.
Package: ifvtex 2016/05/16 v1.6 Detect VTeX and its facilities (HO)
Package ifvtex Info: VTeX not detected.
Package: intcalc 2016/05/16 v1.2 Expandable calculations with integers (HO)
Package: ifpdf 2016/05/14 v3.1 Provides the ifpdf switch
Package: etexcmds 2016/05/16 v1.6 Avoid name clashes with e-TeX commands (HO)
Package etexcmds Info: Could not find \expanded.
(etexcmds)             That can mean that you are not using pdfTeX 1.50 or
(etexcmds)             that some package has redefined \expanded.
(etexcmds)             In the latter case, load this package earlier.
Package: kvsetkeys 2016/05/16 v1.17 Key value parser (HO)
Package: kvdefinekeys 2016/05/16 v1.4 Define keys (HO)
Package: pdftexcmds 2016/05/10 v0.21 Utility functions of pdfTeX for LuaTeX (HO)
Package pdftexcmds Info: LuaTeX not detected.
Package pdftexcmds Info: \pdf@primitive is available.
Package pdftexcmds Info: \pdf@ifprimitive is available.
Package pdftexcmds Info: \pdfdraftmode found.
Package: pdfescape 2016/05/16 v1.14 Implements pdfTeX's escape features (HO)
Package: bigintcalc 2016/05/16 v1.4 Expandable calculations on big integers (HO)
Package: bitset 2016/05/16 v1.2 Handle bit-vector datatype (HO)
Package: uniquecounter 2016/05/16 v1.3 Provide unlimited unique counter (HO)
)
Package hobsub Info: Skipping package `hobsub' (already loaded).
Package: letltxmacro 2016/05/16 v1.5 Let assignment for LaTeX macros (HO)
Package: hopatch 2016/05/16 v1.3 Wrapper for package hooks (HO)
Package: xcolor-patch 2016/05/16 xcolor patch
Package: atveryend 2016/05/16 v1.9 Hooks at the very end of document (HO)
Package atveryend Info: \enddocument detected (standard20110627).
Package: atbegshi 2016/05/16 v1.17 At begin shipout hook (HO)
Package: refcount 2016/05/16 v3.5 Data extraction from label references (HO)
Package: hycolor 2016/05/16 v1.8 Color options for hyperref/bookmark (HO)
) (/usr/local/texlive/2016/texmf-dist/tex/generic/ifxetex/ifxetex.sty
Package: ifxetex 2010/09/12 v0.6 Provides ifxetex conditional
) (/usr/local/texlive/2016/texmf-dist/tex/latex/oberdiek/auxhook.sty
Package: auxhook 2016/05/16 v1.4 Hooks for auxiliary files (HO)
) (/usr/local/texlive/2016/texmf-dist/tex/latex/oberdiek/kvoptions.sty
Package: kvoptions 2016/05/16 v3.12 Key value format for package options (HO)
)
\@linkdim=\dimen115
\Hy@linkcounter=\count103
\Hy@pagecounter=\count104
 (/usr/local/texlive/2016/texmf-dist/tex/latex/hyperref/pd1enc.def
File: pd1enc.def 2016/05/05 v6.83n Hyperref: PDFDocEncoding definition (HO)
)
\Hy@SavedSpaceFactor=\count105
 (/usr/local/texlive/2016/texmf-dist/tex/latex/latexconfig/hyperref.cfg
File: hyperref.cfg 2002/06/06 v1.2 hyperref configuration of TeXLive
)
Package hyperref Info: Option `bookmarksnumbered' set `true' on input line 4322.
Package hyperref Info: Option `unicode' set `true' on input line 4322.
 (/usr/local/texlive/2016/texmf-dist/tex/latex/hyperref/puenc.def
File: puenc.def 2016/05/05 v6.83n Hyperref: PDF Unicode definition (HO)
)
Package hyperref Info: Hyper figures OFF on input line 4446.
Package hyperref Info: Link nesting OFF on input line 4451.
Package hyperref Info: Hyper index ON on input line 4454.
Package hyperref Info: Plain pages OFF on input line 4461.
Package hyperref Info: Backreferencing OFF on input line 4466.
Package hyperref Info: Implicit mode ON; LaTeX internals redefined.
Package hyperref Info: Bookmarks ON on input line 4691.
\c@Hy@tempcnt=\count106
LaTeX Info: Redefining \url on input line 5044.
\XeTeXLinkMargin=\dimen116
\Fld@menulength=\count107
\Field@Width=\dimen117
\Fld@charsize=\dimen118
Package hyperref Info: Hyper figures OFF on input line 6298.
Package hyperref Info: Link nesting OFF on input line 6303.
Package hyperref Info: Hyper index ON on input line 6306.
Package hyperref Info: backreferencing OFF on input line 6313.
Package hyperref Info: Link coloring OFF on input line 6318.
Package hyperref Info: Link coloring with OCG OFF on input line 6323.
Package hyperref Info: PDF/A mode OFF on input line 6328.
LaTeX Info: Redefining \ref on input line 6368.
LaTeX Info: Redefining \pageref on input line 6372.
\Hy@abspage=\count108
\c@Item=\count109
\c@Hfootnote=\count110
)

Package hyperref Message: Driver (autodetected): hpdftex.

(/usr/local/texlive/2016/texmf-dist/tex/latex/hyperref/hpdftex.def
File: hpdftex.def 2016/05/05 v6.83n Hyperref driver for pdfTeX
\Fld@listcount=\count111
\c@bookmark@seq@number=\count112
 (/usr/local/texlive/2016/texmf-dist/tex/latex/oberdiek/rerunfilecheck.sty
Package: rerunfilecheck 2016/05/16 v1.8 Rerun checks for auxiliary files (HO)
Package uniquecounter Info: New unique counter `rerunfilecheck' on input line 282.
)
\Hy@SectionHShift=\skip54
) (/usr/local/texlive/2016/texmf-dist/tex/latex/graphics/graphicx.sty
Package: graphicx 2014/10/28 v1.0g Enhanced LaTeX Graphics (DPC,SPQR)
 (/usr/local/texlive/2016/texmf-dist/tex/latex/graphics/graphics.sty
Package: graphics 2016/05/09 v1.0r Standard LaTeX Graphics (DPC,SPQR)
 (/usr/local/texlive/2016/texmf-dist/tex/latex/graphics/trig.sty
Package: trig 2016/01/03 v1.10 sin cos tan (DPC)
) (/usr/local/texlive/2016/texmf-dist/tex/latex/graphics-cfg/graphics.cfg
File: graphics.cfg 2016/01/02 v1.10 sample graphics configuration
)
Package graphics Info: Driver file: pdftex.def on input line 96.
 (/usr/local/texlive/2016/texmf-dist/tex/latex/pdftex-def/pdftex.def
File: pdftex.def 2011/05/27 v0.06d Graphics/color for pdfTeX
\Gread@gobject=\count113
))
\Gin@req@height=\dimen119
\Gin@req@width=\dimen120
) (/usr/local/texlive/2016/texmf-dist/tex/latex/xcolor/xcolor.sty
Package: xcolor 2016/05/11 v2.12 LaTeX color extensions (UK)
 (/usr/local/texlive/2016/texmf-dist/tex/latex/graphics-cfg/color.cfg
File: color.cfg 2016/01/02 v1.6 sample color configuration
)
Package xcolor Info: Driver file: pdftex.def on input line 225.
Package xcolor Info: Model `cmy' substituted by `cmy0' on input line 1348.
Package xcolor Info: Model `hsb' substituted by `rgb' on input line 1352.
Package xcolor Info: Model `RGB' extended on input line 1364.
Package xcolor Info: Model `HTML' substituted by `rgb' on input line 1366.
Package xcolor Info: Model `Hsb' substituted by `hsb' on input line 1367.
Package xcolor Info: Model `tHsb' substituted by `hsb' on input line 1368.
Package xcolor Info: Model `HSB' substituted by `hsb' on input line 1369.
Package xcolor Info: Model `Gray' substituted by `gray' on input line 1370.
Package xcolor Info: Model `wave' substituted by `hsb' on input line 1371.
) (/usr/local/texlive/2016/texmf-dist/tex/latex/geometry/geometry.sty
Package: geometry 2010/09/12 v5.6 Page Geometry
\Gm@cnth=\count114
\Gm@cntv=\count115
\c@Gm@tempcnt=\count116
\Gm@bindingoffset=\dimen121
\Gm@wd@mp=\dimen122
\Gm@odd@mp=\dimen123
\Gm@even@mp=\dimen124
\Gm@layoutwidth=\dimen125
\Gm@layoutheight=\dimen126
\Gm@layouthoffset=\dimen127
\Gm@layoutvoffset=\dimen128
\Gm@dimlist=\toks28
) (/usr/local/texlive/2016/texmf-dist/tex/latex/ncctools/manyfoot.sty
Package: manyfoot 2005/09/11 v1.10 Many Footnote Levels Package (NCC)
 (/usr/local/texlive/2016/texmf-dist/tex/latex/ncctools/nccfoots.sty
Package: nccfoots 2005/02/03 v1.2 NCC Footnotes Package (NCC)
)
\MFL@columnwidth=\dimen129
)
\footinscopyrightpermission=\insert198
\c@footnotecopyrightpermission=\count117
 (/usr/local/texlive/2016/texmf-dist/tex/latex/libertine/libertine.sty
Package: libertine 2014/11/25 (Bob Tennent) Supports Libertine and Biolinum fonts for all LaTeX engines.
 (/usr/local/texlive/2016/texmf-dist/tex/latex/base/textcomp.sty
Package: textcomp 2005/09/27 v1.99g Standard LaTeX package
Package textcomp Info: Sub-encoding information:
(textcomp)               5 = only ISO-Adobe without \textcurrency
(textcomp)               4 = 5 + \texteuro
(textcomp)               3 = 4 + \textohm
(textcomp)               2 = 3 + \textestimated + \textcurrency
(textcomp)               1 = TS1 - \textcircled - \t
(textcomp)               0 = TS1 (full)
(textcomp)             Font families with sub-encoding setting implement
(textcomp)             only a restricted character set as indicated.
(textcomp)             Family '?' is the default used for unknown fonts.
(textcomp)             See the documentation for details.
Package textcomp Info: Setting ? sub-encoding to TS1/1 on input line 79.
 (/usr/local/texlive/2016/texmf-dist/tex/latex/base/ts1enc.def
File: ts1enc.def 2001/06/05 v3.0e (jk/car/fm) Standard LaTeX file
)
LaTeX Info: Redefining \oldstylenums on input line 334.
Package textcomp Info: Setting cmr sub-encoding to TS1/0 on input line 349.
Package textcomp Info: Setting cmss sub-encoding to TS1/0 on input line 350.
Package textcomp Info: Setting cmtt sub-encoding to TS1/0 on input line 351.
Package textcomp Info: Setting cmvtt sub-encoding to TS1/0 on input line 352.
Package textcomp Info: Setting cmbr sub-encoding to TS1/0 on input line 353.
Package textcomp Info: Setting cmtl sub-encoding to TS1/0 on input line 354.
Package textcomp Info: Setting ccr sub-encoding to TS1/0 on input line 355.
Package textcomp Info: Setting ptm sub-encoding to TS1/4 on input line 356.
Package textcomp Info: Setting pcr sub-encoding to TS1/4 on input line 357.
Package textcomp Info: Setting phv sub-encoding to TS1/4 on input line 358.
Package textcomp Info: Setting ppl sub-encoding to TS1/3 on input line 359.
Package textcomp Info: Setting pag sub-encoding to TS1/4 on input line 360.
Package textcomp Info: Setting pbk sub-encoding to TS1/4 on input line 361.
Package textcomp Info: Setting pnc sub-encoding to TS1/4 on input line 362.
Package textcomp Info: Setting pzc sub-encoding to TS1/4 on input line 363.
Package textcomp Info: Setting bch sub-encoding to TS1/4 on input line 364.
Package textcomp Info: Setting put sub-encoding to TS1/5 on input line 365.
Package textcomp Info: Setting uag sub-encoding to TS1/5 on input line 366.
Package textcomp Info: Setting ugq sub-encoding to TS1/5 on input line 367.
Package textcomp Info: Setting ul8 sub-encoding to TS1/4 on input line 368.
Package textcomp Info: Setting ul9 sub-encoding to TS1/4 on input line 369.
Package textcomp Info: Setting augie sub-encoding to TS1/5 on input line 370.
Package textcomp Info: Setting dayrom sub-encoding to TS1/3 on input line 371.
Package textcomp Info: Setting dayroms sub-encoding to TS1/3 on input line 372.
Package textcomp Info: Setting pxr sub-encoding to TS1/0 on input line 373.
Package textcomp Info: Setting pxss sub-encoding to TS1/0 on input line 374.
Package textcomp Info: Setting pxtt sub-encoding to TS1/0 on input line 375.
Package textcomp Info: Setting txr sub-encoding to TS1/0 on input line 376.
Package textcomp Info: Setting txss sub-encoding to TS1/0 on input line 377.
Package textcomp Info: Setting txtt sub-encoding to TS1/0 on input line 378.
Package textcomp Info: Setting lmr sub-encoding to TS1/0 on input line 379.
Package textcomp Info: Setting lmdh sub-encoding to TS1/0 on input line 380.
Package textcomp Info: Setting lmss sub-encoding to TS1/0 on input line 381.
Package textcomp Info: Setting lmssq sub-encoding to TS1/0 on input line 382.
Package textcomp Info: Setting lmvtt sub-encoding to TS1/0 on input line 383.
Package textcomp Info: Setting lmtt sub-encoding to TS1/0 on input line 384.
Package textcomp Info: Setting qhv sub-encoding to TS1/0 on input line 385.
Package textcomp Info: Setting qag sub-encoding to TS1/0 on input line 386.
Package textcomp Info: Setting qbk sub-encoding to TS1/0 on input line 387.
Package textcomp Info: Setting qcr sub-encoding to TS1/0 on input line 388.
Package textcomp Info: Setting qcs sub-encoding to TS1/0 on input line 389.
Package textcomp Info: Setting qpl sub-encoding to TS1/0 on input line 390.
Package textcomp Info: Setting qtm sub-encoding to TS1/0 on input line 391.
Package textcomp Info: Setting qzc sub-encoding to TS1/0 on input line 392.
Package textcomp Info: Setting qhvc sub-encoding to TS1/0 on input line 393.
Package textcomp Info: Setting futs sub-encoding to TS1/4 on input line 394.
Package textcomp Info: Setting futx sub-encoding to TS1/4 on input line 395.
Package textcomp Info: Setting futj sub-encoding to TS1/4 on input line 396.
Package textcomp Info: Setting hlh sub-encoding to TS1/3 on input line 397.
Package textcomp Info: Setting hls sub-encoding to TS1/3 on input line 398.
Package textcomp Info: Setting hlst sub-encoding to TS1/3 on input line 399.
Package textcomp Info: Setting hlct sub-encoding to TS1/5 on input line 400.
Package textcomp Info: Setting hlx sub-encoding to TS1/5 on input line 401.
Package textcomp Info: Setting hlce sub-encoding to TS1/5 on input line 402.
Package textcomp Info: Setting hlcn sub-encoding to TS1/5 on input line 403.
Package textcomp Info: Setting hlcw sub-encoding to TS1/5 on input line 404.
Package textcomp Info: Setting hlcf sub-encoding to TS1/5 on input line 405.
Package textcomp Info: Setting pplx sub-encoding to TS1/3 on input line 406.
Package textcomp Info: Setting pplj sub-encoding to TS1/3 on input line 407.
Package textcomp Info: Setting ptmx sub-encoding to TS1/4 on input line 408.
Package textcomp Info: Setting ptmj sub-encoding to TS1/4 on input line 409.
) (/usr/local/texlive/2016/texmf-dist/tex/latex/mweights/mweights.sty
Package: mweights 2013/07/21 (Bob Tennent) Support package for multiple-weight font packages. 
LaTeX Info: Redefining \bfseries on input line 22.
LaTeX Info: Redefining \mdseries on input line 29.
LaTeX Info: Redefining \rmfamily on input line 36.
LaTeX Info: Redefining \sffamily on input line 53.
LaTeX Info: Redefining \ttfamily on input line 70.
) (/usr/local/texlive/2016/texmf-dist/tex/latex/base/fontenc.sty
Package: fontenc 2005/09/27 v1.99g Standard LaTeX package
) (/usr/local/texlive/2016/texmf-dist/tex/latex/fontaxes/fontaxes.sty
Package: fontaxes 2014/03/23 v1.0d Font selection axes
LaTeX Info: Redefining \upshape on input line 29.
LaTeX Info: Redefining \itshape on input line 31.
LaTeX Info: Redefining \slshape on input line 33.
LaTeX Info: Redefining \scshape on input line 37.
)
LaTeX Info: Redefining \oldstylenums on input line 478.
 (/usr/local/texlive/2016/texmf-dist/tex/latex/libertine/LinLibertine_I.tex)) (/usr/local/texlive/2016/texmf-dist/tex/latex/inconsolata/zi4.sty
Package: zi4 2016/02/22 v1.10
 `inconsolata-zi4' v1.10, 2016/02/22 Text macros for Inconsolata (msharpe)
\zifour@ocount=\count118
) (/usr/local/texlive/2016/texmf-dist/tex/latex/newtx/newtxmath.sty
Package: newtxmath 2016/03/27 v1.466
 `newtxmath' v1.466, 2016/03/27 Math macros based on txfonts (msharpe) (/usr/local/texlive/2016/texmf-dist/tex/generic/kastrup/binhex.tex)
\tx@Isdigit=\count119
LaTeX Font Info:    Redeclaring symbol font `operators' on input line 137.
LaTeX Font Info:    Overwriting symbol font `operators' in version `normal'
(Font)                  OT1/cmr/m/n --> OT1/LinuxLibertineT-TLF/m/n on input line 137.
LaTeX Font Info:    Overwriting symbol font `operators' in version `bold'
(Font)                  OT1/cmr/bx/n --> OT1/LinuxLibertineT-TLF/m/n on input line 137.
LaTeX Font Info:    Overwriting symbol font `operators' in version `bold'
(Font)                  OT1/LinuxLibertineT-TLF/m/n --> OT1/LinuxLibertineT-TLF/sb/n on input line 138.
LaTeX Font Info:    Redeclaring math alphabet \mathsf on input line 144.
LaTeX Font Info:    Overwriting math alphabet `\mathsf' in version `normal'
(Font)                  OT1/cmss/m/n --> OT1/LinuxBiolinumT-TLF/m/n on input line 144.
LaTeX Font Info:    Overwriting math alphabet `\mathsf' in version `bold'
(Font)                  OT1/cmss/bx/n --> OT1/LinuxBiolinumT-TLF/m/n on input line 144.
LaTeX Font Info:    Redeclaring math alphabet \mathit on input line 145.
LaTeX Font Info:    Overwriting math alphabet `\mathit' in version `normal'
(Font)                  OT1/cmr/m/it --> OT1/LinuxLibertineT-TLF/m/it on input line 145.
LaTeX Font Info:    Overwriting math alphabet `\mathit' in version `bold'
(Font)                  OT1/cmr/bx/it --> OT1/LinuxLibertineT-TLF/m/it on input line 145.
LaTeX Font Info:    Redeclaring math alphabet \mathtt on input line 146.
LaTeX Font Info:    Overwriting math alphabet `\mathtt' in version `normal'
(Font)                  OT1/cmtt/m/n --> OT1/zi4/m/n on input line 146.
LaTeX Font Info:    Overwriting math alphabet `\mathtt' in version `bold'
(Font)                  OT1/cmtt/m/n --> OT1/zi4/m/n on input line 146.
LaTeX Font Info:    Redeclaring math alphabet \mathbf on input line 148.
LaTeX Font Info:    Overwriting math alphabet `\mathbf' in version `normal'
(Font)                  OT1/cmr/bx/n --> OT1/LinuxLibertineT-TLF/sb/n on input line 148.
LaTeX Font Info:    Overwriting math alphabet `\mathbf' in version `bold'
(Font)                  OT1/cmr/bx/n --> OT1/LinuxLibertineT-TLF/sb/n on input line 148.
LaTeX Font Info:    Overwriting math alphabet `\mathit' in version `bold'
(Font)                  OT1/LinuxLibertineT-TLF/m/it --> OT1/LinuxLibertineT-TLF/sb/it on input line 149.
LaTeX Font Info:    Overwriting math alphabet `\mathsf' in version `bold'
(Font)                  OT1/LinuxBiolinumT-TLF/m/n --> OT1/LinuxBiolinumT-TLF/b/n on input line 150.
LaTeX Font Info:    Overwriting math alphabet `\mathtt' in version `bold'
(Font)                  OT1/zi4/m/n --> OT1/zi4/b/n on input line 151.
LaTeX Font Info:    Redeclaring symbol font `letters' on input line 163.
LaTeX Font Info:    Overwriting symbol font `letters' in version `normal'
(Font)                  OML/cmm/m/it --> OML/nxlmi/m/it on input line 163.
LaTeX Font Info:    Overwriting symbol font `letters' in version `bold'
(Font)                  OML/cmm/b/it --> OML/nxlmi/m/it on input line 163.
LaTeX Font Info:    Overwriting symbol font `letters' in version `bold'
(Font)                  OML/nxlmi/m/it --> OML/nxlmi/b/it on input line 164.
\symlettersA=\mathgroup6
LaTeX Font Info:    Overwriting symbol font `lettersA' in version `bold'
(Font)                  U/ntxmia/m/it --> U/ntxmia/b/it on input line 213.
LaTeX Font Info:    Redeclaring math alphabet \mathfrak on input line 215.
LaTeX Font Info:    Redeclaring symbol font `symbols' on input line 221.
LaTeX Font Info:    Overwriting symbol font `symbols' in version `normal'
(Font)                  OMS/cmsy/m/n --> OMS/ntxsy/m/n on input line 221.
LaTeX Font Info:    Overwriting symbol font `symbols' in version `bold'
(Font)                  OMS/cmsy/b/n --> OMS/ntxsy/m/n on input line 221.
LaTeX Font Info:    Overwriting symbol font `symbols' in version `bold'
(Font)                  OMS/ntxsy/m/n --> OMS/ntxsy/b/n on input line 222.
\symAMSm=\mathgroup7
LaTeX Font Info:    Overwriting symbol font `AMSm' in version `bold'
(Font)                  U/ntxsym/m/n --> U/ntxsym/b/n on input line 242.
\symsymbolsC=\mathgroup8
LaTeX Font Info:    Overwriting symbol font `symbolsC' in version `bold'
(Font)                  U/ntxsyc/m/n --> U/ntxsyc/b/n on input line 263.
LaTeX Font Info:    Redeclaring symbol font `largesymbols' on input line 276.
LaTeX Font Info:    Encoding `OMX' has changed to `LMX' for symbol font
(Font)              `largesymbols' in the math version `normal' on input line 276.
LaTeX Font Info:    Overwriting symbol font `largesymbols' in version `normal'
(Font)                  OMX/cmex/m/n --> LMX/ntxexx/m/n on input line 276.
LaTeX Font Info:    Encoding `OMX' has changed to `LMX' for symbol font
(Font)              `largesymbols' in the math version `bold' on input line 276.
LaTeX Font Info:    Overwriting symbol font `largesymbols' in version `bold'
(Font)                  OMX/cmex/m/n --> LMX/ntxexx/m/n on input line 276.
LaTeX Font Info:    Overwriting symbol font `largesymbols' in version `bold'
(Font)                  LMX/ntxexx/m/n --> LMX/ntxexx/b/n on input line 277.
\symlargesymbolsTXA=\mathgroup9
LaTeX Font Info:    Overwriting symbol font `largesymbolsTXA' in version `bold'
(Font)                  U/ntxexa/m/n --> U/ntxexa/b/n on input line 291.
LaTeX Info: Redefining \not on input line 1749.
LaTeX Info: Redefining \textsquare on input line 1770.
LaTeX Info: Redefining \openbox on input line 1772.
) (/usr/local/texlive/2016/texmf-dist/tex/latex/caption/caption.sty
Package: caption 2016/02/21 v3.3-144 Customizing captions (AR)
 (/usr/local/texlive/2016/texmf-dist/tex/latex/caption/caption3.sty
Package: caption3 2016/02/04 v1.7-139 caption3 kernel (AR)
Package caption3 Info: TeX engine: e-TeX on input line 67.
\captionmargin=\dimen130
\captionmargin@=\dimen131
\captionwidth=\dimen132
\caption@tempdima=\dimen133
\caption@indent=\dimen134
\caption@parindent=\dimen135
\caption@hangindent=\dimen136
)
Package caption Info: AMS or SMF document class.
\c@ContinuedFloat=\count120
Package caption Info: hyperref package is loaded.
) (/usr/local/texlive/2016/texmf-dist/tex/latex/float/float.sty
Package: float 2001/11/08 v1.3d Float enhancements (AL)
\c@float@type=\count121
\float@exts=\toks29
\float@box=\box29
\@float@everytoks=\toks30
\@floatcapt=\box30
)
\@float@every@sidebar=\toks31
\c@sidebar=\count122
\fulltextwidth=\dimen137
\num@authorgroups=\count123
\@ACM@badge@width=\skip55
\@ACM@title@width=\skip56
\@ACM@badge@skip=\skip57
Class iureport Info: Printing CCS on input line 1049.
Class iureport Info: Printing bibformat on input line 1049.
Class iureport Info: Suppressing folios on input line 1056.
 (/usr/local/texlive/2016/texmf-dist/tex/latex/comment/comment.sty
\CommentStream=\write3
 Excluding comment 'comment') Excluding comment 'CCSXML'
\mktitle@bx=\box31
\@ACM@commabox=\box32
\author@bx=\box33
\author@bx@wd=\dimen138
\author@bx@sep=\skip58
 (/usr/local/texlive/2016/texmf-dist/tex/latex/fancyhdr/fancyhdr.sty
\fancy@headwidth=\skip59
\f@ncyO@elh=\skip60
\f@ncyO@erh=\skip61
\f@ncyO@olh=\skip62
\f@ncyO@orh=\skip63
\f@ncyO@elf=\skip64
\f@ncyO@erf=\skip65
\f@ncyO@olf=\skip66
\f@ncyO@orf=\skip67
)
\@folio@wd=\dimen139
\@folio@ht=\dimen140
\@folio@voffset=\dimen141
\c@theorem=\count124
 Special comment 'acks' Excluding comment 'screenonly' Include comment 'printonly' Include comment 'anonsuppress'
LaTeX Font Info:    Try loading font information for OT1+LinuxLibertineT-TLF on input line 2192.
 (/usr/local/texlive/2016/texmf-dist/tex/latex/libertine/OT1LinuxLibertineT-TLF.fd
File: OT1LinuxLibertineT-TLF.fd 2012/11/26 (autoinst) Font definitions for OT1/LinuxLibertineT-TLF.
)
LaTeX Font Info:    Font shape `OT1/LinuxLibertineT-TLF/m/n' will be
(Font)              scaled to size 9.0pt on input line 2192.
) (../../hid-sample/tex/format/submission.tex (/usr/local/texlive/2016/texmf-dist/tex/latex/todonotes/todonotes.sty
Package: todonotes 2015/07/09 .dtx Todonotes source and documentation.
Package: todonotes 2012/07/25
 (/usr/local/texlive/2016/texmf-dist/tex/latex/base/ifthen.sty
Package: ifthen 2014/09/29 v1.1c Standard LaTeX ifthen package (DPC)
) (/usr/local/texlive/2016/texmf-dist/tex/latex/pgf/frontendlayer/tikz.sty (/usr/local/texlive/2016/texmf-dist/tex/latex/pgf/basiclayer/pgf.sty (/usr/local/texlive/2016/texmf-dist/tex/latex/pgf/utilities/pgfrcs.sty (/usr/local/texlive/2016/texmf-dist/tex/generic/pgf/utilities/pgfutil-common.tex
\pgfutil@everybye=\toks32
\pgfutil@tempdima=\dimen142
\pgfutil@tempdimb=\dimen143
 (/usr/local/texlive/2016/texmf-dist/tex/generic/pgf/utilities/pgfutil-common-lists.tex)) (/usr/local/texlive/2016/texmf-dist/tex/generic/pgf/utilities/pgfutil-latex.def
\pgfutil@abb=\box34
) (/usr/local/texlive/2016/texmf-dist/tex/generic/pgf/utilities/pgfrcs.code.tex
Package: pgfrcs 2015/08/07 v3.0.1a (rcs-revision 1.31)
))
Package: pgf 2015/08/07 v3.0.1a (rcs-revision 1.15)
 (/usr/local/texlive/2016/texmf-dist/tex/latex/pgf/basiclayer/pgfcore.sty (/usr/local/texlive/2016/texmf-dist/tex/latex/pgf/systemlayer/pgfsys.sty (/usr/local/texlive/2016/texmf-dist/tex/generic/pgf/systemlayer/pgfsys.code.tex
Package: pgfsys 2014/07/09 v3.0.1a (rcs-revision 1.48)
 (/usr/local/texlive/2016/texmf-dist/tex/generic/pgf/utilities/pgfkeys.code.tex
\pgfkeys@pathtoks=\toks33
\pgfkeys@temptoks=\toks34
 (/usr/local/texlive/2016/texmf-dist/tex/generic/pgf/utilities/pgfkeysfiltered.code.tex
\pgfkeys@tmptoks=\toks35
))
\pgf@x=\dimen144
\pgf@y=\dimen145
\pgf@xa=\dimen146
\pgf@ya=\dimen147
\pgf@xb=\dimen148
\pgf@yb=\dimen149
\pgf@xc=\dimen150
\pgf@yc=\dimen151
\w@pgf@writea=\write4
\r@pgf@reada=\read1
\c@pgf@counta=\count125
\c@pgf@countb=\count126
\c@pgf@countc=\count127
\c@pgf@countd=\count128
\t@pgf@toka=\toks36
\t@pgf@tokb=\toks37
\t@pgf@tokc=\toks38
 (/usr/local/texlive/2016/texmf-dist/tex/generic/pgf/systemlayer/pgf.cfg
File: pgf.cfg 2008/05/14  (rcs-revision 1.7)
)
Driver file for pgf: pgfsys-pdftex.def
 (/usr/local/texlive/2016/texmf-dist/tex/generic/pgf/systemlayer/pgfsys-pdftex.def
File: pgfsys-pdftex.def 2014/10/11  (rcs-revision 1.35)
 (/usr/local/texlive/2016/texmf-dist/tex/generic/pgf/systemlayer/pgfsys-common-pdf.def
File: pgfsys-common-pdf.def 2013/10/10  (rcs-revision 1.13)
))) (/usr/local/texlive/2016/texmf-dist/tex/generic/pgf/systemlayer/pgfsyssoftpath.code.tex
File: pgfsyssoftpath.code.tex 2013/09/09  (rcs-revision 1.9)
\pgfsyssoftpath@smallbuffer@items=\count129
\pgfsyssoftpath@bigbuffer@items=\count130
) (/usr/local/texlive/2016/texmf-dist/tex/generic/pgf/systemlayer/pgfsysprotocol.code.tex
File: pgfsysprotocol.code.tex 2006/10/16  (rcs-revision 1.4)
)) (/usr/local/texlive/2016/texmf-dist/tex/generic/pgf/basiclayer/pgfcore.code.tex
Package: pgfcore 2010/04/11 v3.0.1a (rcs-revision 1.7)
 (/usr/local/texlive/2016/texmf-dist/tex/generic/pgf/math/pgfmath.code.tex (/usr/local/texlive/2016/texmf-dist/tex/generic/pgf/math/pgfmathcalc.code.tex (/usr/local/texlive/2016/texmf-dist/tex/generic/pgf/math/pgfmathutil.code.tex) (/usr/local/texlive/2016/texmf-dist/tex/generic/pgf/math/pgfmathparser.code.tex
\pgfmath@dimen=\dimen152
\pgfmath@count=\count131
\pgfmath@box=\box35
\pgfmath@toks=\toks39
\pgfmath@stack@operand=\toks40
\pgfmath@stack@operation=\toks41
) (/usr/local/texlive/2016/texmf-dist/tex/generic/pgf/math/pgfmathfunctions.code.tex (/usr/local/texlive/2016/texmf-dist/tex/generic/pgf/math/pgfmathfunctions.basic.code.tex) (/usr/local/texlive/2016/texmf-dist/tex/generic/pgf/math/pgfmathfunctions.trigonometric.code.tex) (/usr/local/texlive/2016/texmf-dist/tex/generic/pgf/math/pgfmathfunctions.random.code.tex) (/usr/local/texlive/2016/texmf-dist/tex/generic/pgf/math/pgfmathfunctions.comparison.code.tex) (/usr/local/texlive/2016/texmf-dist/tex/generic/pgf/math/pgfmathfunctions.base.code.tex) (/usr/local/texlive/2016/texmf-dist/tex/generic/pgf/math/pgfmathfunctions.round.code.tex) (/usr/local/texlive/2016/texmf-dist/tex/generic/pgf/math/pgfmathfunctions.misc.code.tex) (/usr/local/texlive/2016/texmf-dist/tex/generic/pgf/math/pgfmathfunctions.integerarithmetics.code.tex))) (/usr/local/texlive/2016/texmf-dist/tex/generic/pgf/math/pgfmathfloat.code.tex
\c@pgfmathroundto@lastzeros=\count132
)) (/usr/local/texlive/2016/texmf-dist/tex/generic/pgf/basiclayer/pgfcorepoints.code.tex
File: pgfcorepoints.code.tex 2013/10/07  (rcs-revision 1.27)
\pgf@picminx=\dimen153
\pgf@picmaxx=\dimen154
\pgf@picminy=\dimen155
\pgf@picmaxy=\dimen156
\pgf@pathminx=\dimen157
\pgf@pathmaxx=\dimen158
\pgf@pathminy=\dimen159
\pgf@pathmaxy=\dimen160
\pgf@xx=\dimen161
\pgf@xy=\dimen162
\pgf@yx=\dimen163
\pgf@yy=\dimen164
\pgf@zx=\dimen165
\pgf@zy=\dimen166
) (/usr/local/texlive/2016/texmf-dist/tex/generic/pgf/basiclayer/pgfcorepathconstruct.code.tex
File: pgfcorepathconstruct.code.tex 2013/10/07  (rcs-revision 1.29)
\pgf@path@lastx=\dimen167
\pgf@path@lasty=\dimen168
) (/usr/local/texlive/2016/texmf-dist/tex/generic/pgf/basiclayer/pgfcorepathusage.code.tex
File: pgfcorepathusage.code.tex 2014/11/02  (rcs-revision 1.24)
\pgf@shorten@end@additional=\dimen169
\pgf@shorten@start@additional=\dimen170
) (/usr/local/texlive/2016/texmf-dist/tex/generic/pgf/basiclayer/pgfcorescopes.code.tex
File: pgfcorescopes.code.tex 2015/05/08  (rcs-revision 1.46)
\pgfpic=\box36
\pgf@hbox=\box37
\pgf@layerbox@main=\box38
\pgf@picture@serial@count=\count133
) (/usr/local/texlive/2016/texmf-dist/tex/generic/pgf/basiclayer/pgfcoregraphicstate.code.tex
File: pgfcoregraphicstate.code.tex 2014/11/02  (rcs-revision 1.12)
\pgflinewidth=\dimen171
) (/usr/local/texlive/2016/texmf-dist/tex/generic/pgf/basiclayer/pgfcoretransformations.code.tex
File: pgfcoretransformations.code.tex 2015/08/07  (rcs-revision 1.20)
\pgf@pt@x=\dimen172
\pgf@pt@y=\dimen173
\pgf@pt@temp=\dimen174
) (/usr/local/texlive/2016/texmf-dist/tex/generic/pgf/basiclayer/pgfcorequick.code.tex
File: pgfcorequick.code.tex 2008/10/09  (rcs-revision 1.3)
) (/usr/local/texlive/2016/texmf-dist/tex/generic/pgf/basiclayer/pgfcoreobjects.code.tex
File: pgfcoreobjects.code.tex 2006/10/11  (rcs-revision 1.2)
) (/usr/local/texlive/2016/texmf-dist/tex/generic/pgf/basiclayer/pgfcorepathprocessing.code.tex
File: pgfcorepathprocessing.code.tex 2013/09/09  (rcs-revision 1.9)
) (/usr/local/texlive/2016/texmf-dist/tex/generic/pgf/basiclayer/pgfcorearrows.code.tex
File: pgfcorearrows.code.tex 2015/05/14  (rcs-revision 1.43)
\pgfarrowsep=\dimen175
) (/usr/local/texlive/2016/texmf-dist/tex/generic/pgf/basiclayer/pgfcoreshade.code.tex
File: pgfcoreshade.code.tex 2013/07/15  (rcs-revision 1.15)
\pgf@max=\dimen176
\pgf@sys@shading@range@num=\count134
) (/usr/local/texlive/2016/texmf-dist/tex/generic/pgf/basiclayer/pgfcoreimage.code.tex
File: pgfcoreimage.code.tex 2013/07/15  (rcs-revision 1.18)
 (/usr/local/texlive/2016/texmf-dist/tex/generic/pgf/basiclayer/pgfcoreexternal.code.tex
File: pgfcoreexternal.code.tex 2014/07/09  (rcs-revision 1.21)
\pgfexternal@startupbox=\box39
)) (/usr/local/texlive/2016/texmf-dist/tex/generic/pgf/basiclayer/pgfcorelayers.code.tex
File: pgfcorelayers.code.tex 2013/07/18  (rcs-revision 1.7)
) (/usr/local/texlive/2016/texmf-dist/tex/generic/pgf/basiclayer/pgfcoretransparency.code.tex
File: pgfcoretransparency.code.tex 2013/09/30  (rcs-revision 1.5)
) (/usr/local/texlive/2016/texmf-dist/tex/generic/pgf/basiclayer/pgfcorepatterns.code.tex
File: pgfcorepatterns.code.tex 2013/11/07  (rcs-revision 1.5)
))) (/usr/local/texlive/2016/texmf-dist/tex/generic/pgf/modules/pgfmoduleshapes.code.tex
File: pgfmoduleshapes.code.tex 2014/03/21  (rcs-revision 1.35)
\pgfnodeparttextbox=\box40
) (/usr/local/texlive/2016/texmf-dist/tex/generic/pgf/modules/pgfmoduleplot.code.tex
File: pgfmoduleplot.code.tex 2015/08/03  (rcs-revision 1.13)
) (/usr/local/texlive/2016/texmf-dist/tex/latex/pgf/compatibility/pgfcomp-version-0-65.sty
Package: pgfcomp-version-0-65 2007/07/03 v3.0.1a (rcs-revision 1.7)
\pgf@nodesepstart=\dimen177
\pgf@nodesepend=\dimen178
) (/usr/local/texlive/2016/texmf-dist/tex/latex/pgf/compatibility/pgfcomp-version-1-18.sty
Package: pgfcomp-version-1-18 2007/07/23 v3.0.1a (rcs-revision 1.1)
)) (/usr/local/texlive/2016/texmf-dist/tex/latex/pgf/utilities/pgffor.sty (/usr/local/texlive/2016/texmf-dist/tex/latex/pgf/utilities/pgfkeys.sty (/usr/local/texlive/2016/texmf-dist/tex/generic/pgf/utilities/pgfkeys.code.tex)) (/usr/local/texlive/2016/texmf-dist/tex/latex/pgf/math/pgfmath.sty (/usr/local/texlive/2016/texmf-dist/tex/generic/pgf/math/pgfmath.code.tex)) (/usr/local/texlive/2016/texmf-dist/tex/generic/pgf/utilities/pgffor.code.tex
Package: pgffor 2013/12/13 v3.0.1a (rcs-revision 1.25)
 (/usr/local/texlive/2016/texmf-dist/tex/generic/pgf/math/pgfmath.code.tex)
\pgffor@iter=\dimen179
\pgffor@skip=\dimen180
\pgffor@stack=\toks42
\pgffor@toks=\toks43
)) (/usr/local/texlive/2016/texmf-dist/tex/generic/pgf/frontendlayer/tikz/tikz.code.tex
Package: tikz 2015/08/07 v3.0.1a (rcs-revision 1.151)
 (/usr/local/texlive/2016/texmf-dist/tex/generic/pgf/libraries/pgflibraryplothandlers.code.tex
File: pgflibraryplothandlers.code.tex 2013/08/31 v3.0.1a (rcs-revision 1.20)
\pgf@plot@mark@count=\count135
\pgfplotmarksize=\dimen181
)
\tikz@lastx=\dimen182
\tikz@lasty=\dimen183
\tikz@lastxsaved=\dimen184
\tikz@lastysaved=\dimen185
\tikzleveldistance=\dimen186
\tikzsiblingdistance=\dimen187
\tikz@figbox=\box41
\tikz@figbox@bg=\box42
\tikz@tempbox=\box43
\tikz@tempbox@bg=\box44
\tikztreelevel=\count136
\tikznumberofchildren=\count137
\tikznumberofcurrentchild=\count138
\tikz@fig@count=\count139
 (/usr/local/texlive/2016/texmf-dist/tex/generic/pgf/modules/pgfmodulematrix.code.tex
File: pgfmodulematrix.code.tex 2013/09/17  (rcs-revision 1.8)
\pgfmatrixcurrentrow=\count140
\pgfmatrixcurrentcolumn=\count141
\pgf@matrix@numberofcolumns=\count142
)
\tikz@expandcount=\count143
 (/usr/local/texlive/2016/texmf-dist/tex/generic/pgf/frontendlayer/tikz/libraries/tikzlibrarytopaths.code.tex
File: tikzlibrarytopaths.code.tex 2008/06/17 v3.0.1a (rcs-revision 1.2)
))) (/usr/local/texlive/2016/texmf-dist/tex/generic/pgf/frontendlayer/tikz/libraries/tikzlibrarypositioning.code.tex
File: tikzlibrarypositioning.code.tex 2008/10/06 v3.0.1a (rcs-revision 1.7)
) (/usr/local/texlive/2016/texmf-dist/tex/latex/tools/calc.sty
Package: calc 2014/10/28 v4.3 Infix arithmetic (KKT,FJ)
\calc@Acount=\count144
\calc@Bcount=\count145
\calc@Adimen=\dimen188
\calc@Bdimen=\dimen189
\calc@Askip=\skip68
\calc@Bskip=\skip69
LaTeX Info: Redefining \setlength on input line 80.
LaTeX Info: Redefining \addtolength on input line 81.
\calc@Ccount=\count146
\calc@Cskip=\skip70
)
\c@@todonotes@numberoftodonotes=\count147
) (/usr/local/texlive/2016/texmf-dist/tex/latex/endfloat/endfloat.sty
Package: endfloat 2011/12/25 v2.5d LaTeX2e package puts figures and tables at end (jdm)
\c@postfigure=\count148
\efloat@postfff=\write5
\@ef@fffopen=\count149
\c@posttable=\count150
\efloat@postttt=\write6
\@ef@tttopen=\count151
) (/usr/local/texlive/2016/texmf-dist/tex/latex/booktabs/booktabs.sty
Package: booktabs 2016/04/27 v1.618033 publication quality tables
\heavyrulewidth=\dimen190
\lightrulewidth=\dimen191
\cmidrulewidth=\dimen192
\belowrulesep=\dimen193
\belowbottomsep=\dimen194
\aboverulesep=\dimen195
\abovetopsep=\dimen196
\cmidrulesep=\dimen197
\cmidrulekern=\dimen256
\defaultaddspace=\dimen257
\@cmidla=\count152
\@cmidlb=\count153
\@aboverulesep=\dimen258
\@belowrulesep=\dimen259
\@thisruleclass=\count154
\@lastruleclass=\count155
\@thisrulewidth=\dimen260
)
Class iureport Info: Suppressing bibformat on input line 10.
) (./report.aux)
\openout1 = `report.aux'.

LaTeX Font Info:    Checking defaults for OML/nxlmi/m/it on input line 6.
LaTeX Font Info:    Try loading font information for OML+nxlmi on input line 6.
 (/usr/local/texlive/2016/texmf-dist/tex/latex/newtx/omlnxlmi.fd
File: omlnxlmi.fd 2013/11/19 Fontinst v1.933 font definitions for OML/nxlmi.
)
LaTeX Font Info:    ... okay on input line 6.
LaTeX Font Info:    Checking defaults for T1/cmr/m/n on input line 6.
LaTeX Font Info:    ... okay on input line 6.
LaTeX Font Info:    Checking defaults for OT1/cmr/m/n on input line 6.
LaTeX Font Info:    ... okay on input line 6.
LaTeX Font Info:    Checking defaults for OMS/ntxsy/m/n on input line 6.
LaTeX Font Info:    Try loading font information for OMS+ntxsy on input line 6.
 (/usr/local/texlive/2016/texmf-dist/tex/latex/newtx/omsntxsy.fd
File: omsntxsy.fd 2012/11/14 Fontinst v1.933 font definitions for OMS/ntxsy.
)
LaTeX Font Info:    ... okay on input line 6.
LaTeX Font Info:    Checking defaults for OMX/cmex/m/n on input line 6.
LaTeX Font Info:    ... okay on input line 6.
LaTeX Font Info:    Checking defaults for U/ntxexa/m/n on input line 6.
LaTeX Font Info:    Try loading font information for U+ntxexa on input line 6.
 (/usr/local/texlive/2016/texmf-dist/tex/latex/newtx/untxexa.fd
File: untxexa.fd 2012/04/16 Fontinst v1.933 font definitions for U/ntxexa.
)
LaTeX Font Info:    ... okay on input line 6.
LaTeX Font Info:    Checking defaults for PD1/pdf/m/n on input line 6.
LaTeX Font Info:    ... okay on input line 6.
LaTeX Font Info:    Checking defaults for PU/pdf/m/n on input line 6.
LaTeX Font Info:    ... okay on input line 6.
LaTeX Font Info:    Checking defaults for TS1/cmr/m/n on input line 6.
LaTeX Font Info:    Try loading font information for TS1+cmr on input line 6.
 (/usr/local/texlive/2016/texmf-dist/tex/latex/base/ts1cmr.fd
File: ts1cmr.fd 2014/09/29 v2.5h Standard LaTeX font definitions
)
LaTeX Font Info:    ... okay on input line 6.
LaTeX Font Info:    Checking defaults for LMX/ntxexx/m/n on input line 6.
LaTeX Font Info:    ... okay on input line 6.
LaTeX Font Info:    Font shape `OT1/LinuxLibertineT-TLF/m/n' will be
(Font)              scaled to size 7.0pt on input line 6.
LaTeX Font Info:    Font shape `OT1/LinuxLibertineT-TLF/m/n' will be
(Font)              scaled to size 7.3pt on input line 6.
LaTeX Font Info:    Font shape `OT1/LinuxLibertineT-TLF/m/n' will be
(Font)              scaled to size 5.5pt on input line 6.
LaTeX Font Info:    Try loading font information for U+msa on input line 6.
 (/usr/local/texlive/2016/texmf-dist/tex/latex/amsfonts/umsa.fd
File: umsa.fd 2013/01/14 v3.01 AMS symbols A
)
LaTeX Font Info:    Try loading font information for U+msb on input line 6.
 (/usr/local/texlive/2016/texmf-dist/tex/latex/amsfonts/umsb.fd
File: umsb.fd 2013/01/14 v3.01 AMS symbols B
)
LaTeX Font Info:    Try loading font information for U+ntxmia on input line 6.
 (/usr/local/texlive/2016/texmf-dist/tex/latex/newtx/untxmia.fd
File: untxmia.fd 2012/04/16 Fontinst v1.933 font definitions for U/ntxmia.
)
LaTeX Font Info:    Try loading font information for U+ntxsym on input line 6.
 (/usr/local/texlive/2016/texmf-dist/tex/latex/newtx/untxsym.fd
File: untxsym.fd 2015/03/20 Fontinst v1.933 font definitions for U/ntxsym.
)
LaTeX Font Info:    Try loading font information for U+ntxsyc on input line 6.
 (/usr/local/texlive/2016/texmf-dist/tex/latex/newtx/untxsyc.fd
File: untxsyc.fd 2012/04/12 Fontinst v1.933 font definitions for U/ntxsyc.
)
LaTeX Info: Redefining \microtypecontext on input line 6.
Package microtype Info: Generating PDF output.
Package microtype Info: Character protrusion enabled (level 2).
Package microtype Info: Using default protrusion set `alltext'.
Package microtype Info: Automatic font expansion enabled (level 2),
(microtype)             stretch: 20, shrink: 20, step: 1, non-selected.
Package microtype Info: Using default expansion set `basictext'.
Package microtype Info: No adjustment of tracking.
Package microtype Info: No adjustment of interword spacing.
Package microtype Info: No adjustment of character kerning.
Package microtype Info: Loading generic settings for font family
(microtype)             `LinuxLibertineT-TLF' (encoding: OT1).
(microtype)             For optimal results, create family-specific settings.
(microtype)             See the microtype manual for details.
 ABD: EveryShipout initializing macros
\AtBeginShipoutBox=\box45
Package hyperref Info: Link coloring OFF on input line 6.
 (/usr/local/texlive/2016/texmf-dist/tex/latex/hyperref/nameref.sty
Package: nameref 2012/10/27 v2.43 Cross-referencing by name of section
 (/usr/local/texlive/2016/texmf-dist/tex/generic/oberdiek/gettitlestring.sty
Package: gettitlestring 2016/05/16 v1.5 Cleanup title references (HO)
)
\c@section@level=\count156
)
LaTeX Info: Redefining \ref on input line 6.
LaTeX Info: Redefining \pageref on input line 6.
LaTeX Info: Redefining \nameref on input line 6.
 (./report.out) (./report.out)
\@outlinefile=\write7
\openout7 = `report.out'.

 (/usr/local/texlive/2016/texmf-dist/tex/context/base/mkii/supp-pdf.mkii
[Loading MPS to PDF converter (version 2006.09.02).]
\scratchcounter=\count157
\scratchdimen=\dimen261
\scratchbox=\box46
\nofMPsegments=\count158
\nofMParguments=\count159
\everyMPshowfont=\toks44
\MPscratchCnt=\count160
\MPscratchDim=\dimen262
\MPnumerator=\count161
\makeMPintoPDFobject=\count162
\everyMPtoPDFconversion=\toks45
) (/usr/local/texlive/2016/texmf-dist/tex/latex/oberdiek/epstopdf-base.sty
Package: epstopdf-base 2016/05/15 v2.6 Base part for package epstopdf
 (/usr/local/texlive/2016/texmf-dist/tex/latex/oberdiek/grfext.sty
Package: grfext 2016/05/16 v1.2 Manage graphics extensions (HO)
)
Package grfext Info: Graphics extension search list:
(grfext)             [.png,.pdf,.jpg,.mps,.jpeg,.jbig2,.jb2,.PNG,.PDF,.JPG,.JPEG,.JBIG2,.JB2,.eps]
(grfext)             \AppendGraphicsExtensions on input line 456.
 (/usr/local/texlive/2016/texmf-dist/tex/latex/latexconfig/epstopdf-sys.cfg
File: epstopdf-sys.cfg 2010/07/13 v1.3 Configuration of (r)epstopdf for TeX Live
))
*geometry* driver: auto-detecting
*geometry* detected driver: pdftex
*geometry* verbose mode - [ preamble ] result:
* driver: pdftex
* paper: custom
* layout: <same size as paper>
* layoutoffset:(h,v)=(0.0pt,0.0pt)
* modes: includehead includefoot twoside 
* h-part:(L,W,R)=(54.0pt, 506.295pt, 54.0pt)
* v-part:(T,H,B)=(57.0pt, 664.96999pt, 73.0pt)
* \paperwidth=614.295pt
* \paperheight=794.96999pt
* \textwidth=506.295pt
* \textheight=626.96999pt
* \oddsidemargin=-18.26999pt
* \evensidemargin=-18.26999pt
* \topmargin=-15.26999pt
* \headheight=12.0pt
* \headsep=14.0pt
* \topskip=10.0pt
* \footskip=12.0pt
* \marginparwidth=90.0pt
* \marginparsep=11.0pt
* \columnsep=24.0pt
* \skip\footins=7.0pt plus 11.0pt
* \hoffset=0.0pt
* \voffset=0.0pt
* \mag=1000
* \@twocolumnfalse
* \@twosidetrue
* \@mparswitchtrue
* \@reversemarginfalse
* (1in=72.27pt=25.4mm, 1cm=28.453pt)

\c@mv@tabular=\count163
\c@mv@boldtabular=\count164
(/usr/local/texlive/2016/texmf-dist/tex/latex/upquote/upquote.sty
Package: upquote 2012/04/19 v1.3 upright-quote and grave-accent glyphs in verbatim
)
Package caption Info: Begin \AtBeginDocument code.
Package caption Info: float package is loaded.
Package caption Info: End \AtBeginDocument code.
 (./content.tex
LaTeX Font Info:    Font shape `OT1/LinuxLibertineT-TLF/m/n' will be
(Font)              scaled to size 17.28pt on input line 29.
LaTeX Font Info:    Try loading font information for OT1+LinuxBiolinumT-TLF on input line 29.
 (/usr/local/texlive/2016/texmf-dist/tex/latex/libertine/OT1LinuxBiolinumT-TLF.fd
File: OT1LinuxBiolinumT-TLF.fd 2012/11/26 (autoinst) Font definitions for OT1/LinuxBiolinumT-TLF.
)
LaTeX Font Info:    Font shape `OT1/LinuxBiolinumT-TLF/m/n' will be
(Font)              scaled to size 17.28pt on input line 29.
Package microtype Info: Loading generic settings for font family
(microtype)             `LinuxBiolinumT-TLF' (encoding: OT1).
(microtype)             For optimal results, create family-specific settings.
(microtype)             See the microtype manual for details.
LaTeX Font Info:    Font shape `OT1/LinuxBiolinumT-TLF/bx/n' in size <17.28> not available
(Font)              Font shape `OT1/LinuxBiolinumT-TLF/b/n' tried instead on input line 29.
LaTeX Font Info:    Font shape `OT1/LinuxBiolinumT-TLF/b/n' will be
(Font)              scaled to size 17.28pt on input line 29.
LaTeX Font Info:    Font shape `OT1/LinuxLibertineT-TLF/m/n' will be
(Font)              scaled to size 12.0pt on input line 29.
LaTeX Font Info:    Font shape `OT1/LinuxLibertineT-TLF/m/n' will be
(Font)              scaled to size 10.0pt on input line 29.
 (/usr/local/texlive/2016/texmf-dist/tex/latex/microtype/mt-msa.cfg
File: mt-msa.cfg 2006/02/04 v1.1 microtype config. file: AMS symbols (a) (RS)
) (/usr/local/texlive/2016/texmf-dist/tex/latex/microtype/mt-msb.cfg
File: mt-msb.cfg 2005/06/01 v1.0 microtype config. file: AMS symbols (b) (RS)
)
LaTeX Font Info:    Font shape `OT1/LinuxLibertineT-TLF/b/n' will be
(Font)              scaled to size 9.0pt on input line 29.
LaTeX Font Info:    Font shape `OT1/LinuxLibertineT-TLF/b/n' will be
(Font)              scaled to size 10.95pt on input line 29.
Missing character: There is no  in font LinLibertineT-tlf-ot1!
Missing character: There is no  in font LinLibertineT-tlf-ot1!
Missing character: There is no  in font LinLibertineT-tlf-ot1!
Missing character: There is no  in font LinLibertineT-tlf-ot1!
\openout5 = `report.fff'.

 (report.fff)
Missing character: There is no  in font LinLibertineT-tlf-ot1!
Missing character: There is no  in font LinLibertineT-tlf-ot1!
Missing character: There is no  in font LinLibertineT-tlf-ot1!
Missing character: There is no  in font LinLibertineT-tlf-ot1!
Missing character: There is no  in font LinLibertineT-tlf-ot1!
Missing character: There is no  in font LinLibertineT-tlf-ot1!
Missing character: There is no  in font LinLibertineT-tlf-ot1!
Missing character: There is no  in font LinLibertineT-tlf-ot1!
Missing character: There is no  in font LinLibertineT-tlf-ot1!
Missing character: There is no  in font LinLibertineT-tlf-ot1!
Missing character: There is no  in font LinLibertineT-tlf-ot1!
Missing character: There is no  in font LinLibertineT-tlf-ot1!
Missing character: There is no  in font LinLibertineT-tlf-ot1!
Missing character: There is no  in font LinLibertineT-tlf-ot1!
 [1.1{/usr/local/texlive/2016/texmf-var/fonts/map/pdftex/updmap/pdftex.map}

]
Missing character: There is no  in font LinLibertineT-tlf-ot1!
Missing character: There is no  in font LinLibertineT-tlf-ot1!
Missing character: There is no  in font LinLibertineT-tlf-ot1!
Missing character: There is no  in font LinLibertineT-tlf-ot1!
Missing character: There is no  in font LinLibertineT-tlf-ot1!
Missing character: There is no  in font LinLibertineT-tlf-ot1!
Missing character: There is no  in font LinLibertineT-tlf-ot1!
Missing character: There is no  in font LinLibertineT-tlf-ot1!
Missing character: There is no  in font LinLibertineT-tlf-ot1!

Underfull \vbox (badness 10000) has occurred while \output is active []

LaTeX Font Info:    Font shape `OT1/LinuxLibertineT-TLF/m/n' will be
(Font)              scaled to size 6.0pt on input line 89.
 [2.2] Processing 'acks' comment.
\openout3 = `comment.cut'.

 Comment 'acks' writing to comment.cut. Straight input of comment.cut. (./comment.cut) (./report.bbl
LaTeX Info: Redefining \tempurl on input line 62.
)) (./check.tex
LaTeX Font Info:    Font shape `OT1/LinuxLibertineT-TLF/m/n' will be
(Font)              scaled to size 5.0pt on input line 3.
LaTeX Font Info:    Try loading font information for OT1+zi4 on input line 4.
 (/usr/local/texlive/2016/texmf-dist/tex/latex/inconsolata/ot1zi4.fd
File: ot1zi4.fd 2014/06/22 OT1/zi4 (Inconsolata)
)
Package microtype Info: Loading generic settings for font family
(microtype)             `zi4' (encoding: OT1).
(microtype)             For optimal results, create family-specific settings.
(microtype)             See the microtype manual for details.
LaTeX Font Info:    Try loading font information for TS1+zi4 on input line 93.
 (/usr/local/texlive/2016/texmf-dist/tex/latex/inconsolata/ts1zi4.fd
File: ts1zi4.fd 2014/06/22 Fontinst v1.933 font definitions for TS1/zi4.
)
Package microtype Info: Loading generic settings for font family
(microtype)             `zi4' (encoding: TS1).
(microtype)             For optimal results, create family-specific settings.
(microtype)             See the microtype manual for details.

Overfull \hbox (761.10251pt too wide) in paragraph at lines 93--93
[]       \OT1/zi4/m/n/5 402: Azure Cosmos DB is Microsoft\TS1/zi4/m/n/5 '\OT1/zi4/m/n/5 s globally distributed, multi-model database service designed for developers who build mission-critical applications that require global horizontal scale out capabilities. Azure Cosmos DB allows customers to elastically scale across any number of geographical regions while delivering a financially-backed SLAs for high availability, performance, latency, and consistency.[] 
 []


Overfull \hbox (118.10251pt too wide) in paragraph at lines 93--93
[]       \OT1/zi4/m/n/5 139: This paper will discuss the various features and capabilities of Azure Cosmos DB and how it solves unique distributed database challenges.[] 
 []


Overfull \hbox (38.10251pt too wide) in paragraph at lines 93--93
[]       \OT1/zi4/m/n/5 106: A basic understanding of distributed database concept is assumed to understand the content of this paper.[] 
 []

Missing character: There is no  in font ot1-zi4r-4!
Missing character: There is no  in font ot1-zi4r-4!
Missing character: There is no  in font ot1-zi4r-4!
Missing character: There is no  in font ot1-zi4r-4!
Missing character: There is no  in font ot1-zi4r-4!
Missing character: There is no  in font ot1-zi4r-4!

Overfull \hbox (1780.10251pt too wide) in paragraph at lines 93--93
[]       \OT1/zi4/m/n/5 827: Increasingly, managing data is a critical part of app development and computing generally. Whether its a game, news, travel or fashion app, its always all about the data. For example (cite1) according to Go-Globe.com~\cite{hid-sp18-501-chameleon}, every 60 seconds, 320 new accounts and 98,000 tweets are generated on Twitter, about 168,000,000 emails are sent, there are 695,000 status updates, 79,364 wall posts and 510,040 comments are published on Facebook and so on. These examples demonstrate the ubiquitous nature of data as well as the need to manage such a huge volume. Beyond big data management, modern apps also require databases that is always on, can enable customers to elastically and globally scale throughput and storage based on demand and support multiple data models and popular APIs for accessing data.[] 
 []


Overfull \hbox (600.10251pt too wide) in paragraph at lines 93--93
[]       \OT1/zi4/m/n/5 337: Azure Cosmos DB is designed to address the challenges described above. It is a globally distributed database that offers users high throughput, 99th percentile availability, latency and consistency. Azure Cosmos DB also supports multi-tenancy and global distribution. The following sections describe the capabilities of Azure Cosmos DB.[] 
 []


Overfull \hbox (831.10251pt too wide) in paragraph at lines 93--93
[]       \OT1/zi4/m/n/5 430: (cite 2) Azure Cosmos DB is designed so that resources are distributed along two dimensions: within a given region, all resources are horizontally partitioned using resource partitions (local distribution)~\cite{hid-sp18-501-AzureBlog}. Furthermore, each resource partition is also replicated across geographical regions (global distribution). Figure~\ref{f:architecture} shows the global distribution architecture for Cosmos DB.[] 
 []


Overfull \hbox (1708.60251pt too wide) in paragraph at lines 93--93
[]       \OT1/zi4/m/n/5 796: To scale throughput or storage, Azure Cosmos DB transparently performs partition management operations across all the regions. Independent of the scale, distribution, or failures, Azure Cosmos DB continues to provide a single system image of the globally-distributed resources. Global distribution of resources in Azure Cosmos DB is turnkey: at any time with a few clicks or programmatically with a single API call. Regardless of the amount of data or the number of regions, Azure Cosmos DB guarantees each newly associated region to start processing client requests in under an hour at the 99th percentile. This is done by parallelizing the seeding and copying data from all the source resource partitions to the newly associated region. An existing region can also be removed or taken offline.[] 
 []

Missing character: There is no  in font ot1-zi4r-4!
Missing character: There is no  in font ot1-zi4r-4!
Missing character: There is no  in font ot1-zi4r-4!

Overfull \hbox (739.10251pt too wide) in paragraph at lines 93--93
[]       \OT1/zi4/m/n/5 397: Azure Cosmos DBs automatic indexing feature indexes all data properties. With Azure Cosmos DB, users do not need to decide up front which elements they\TS1/zi4/m/n/5 '\OT1/zi4/m/n/5 re likely to query on. Azure Cosmos DB does not expect or require any schema or secondary index definitions to index data at scale. It is truly schema-agnostic. Indexes can be customized where required to remove unused attributes and elements.[] 
 []


Overfull \hbox (485.10251pt too wide) in paragraph at lines 93--93
[]       \OT1/zi4/m/n/5 290: Azure Cosmos DB also provides rich querying capabilities (SQL, MongoDB, Gremlin (graph database), Table) with projections, filters, aggregate, sort and flatten operators, expressions (arithmetic, logical, and various data transformation). Spatial data types and queries are also provided.[] 
 []

Missing character: There is no  in font ot1-zi4r-4!
Missing character: There is no  in font ot1-zi4r-4!
Missing character: There is no  in font ot1-zi4r-4!
Missing character: There is no  in font ot1-zi4r-4!
Missing character: There is no  in font ot1-zi4r-4!
Missing character: There is no  in font ot1-zi4r-4!

Overfull \hbox (824.10251pt too wide) in paragraph at lines 93--93
[]       \OT1/zi4/m/n/5 431: Generally, most distributed databases offer either strong consistency or eventual consistency. In contrast, Azure Cosmos DB provides a control of consistency with five well defined consistency levels. A default account consistency level is configured for write operations; developers may then weaken reads on per request basis. Levels: Strong, Time Bounded Staleness, Session (Read Your Own Writes), Consistent Prefix, Eventual.[] 
 []


Overfull \hbox (614.60251pt too wide) in paragraph at lines 93--93
[]       \OT1/zi4/m/n/5 343: Azure Cosmos DB allows users to specify either single partition collections or partitioned collections. Single partition collections are limited to 10GB/10kRUs. Partitioned collections on the other hand have no theoretical limit to scale. Queries may span multiple partitions, but transactions are always bounded to within a single partition.[] 
 []

Missing character: There is no  in font ot1-zi4r-4!
Missing character: There is no  in font ot1-zi4r-4!

Overfull \hbox (161.10251pt too wide) in paragraph at lines 93--93
[]       \OT1/zi4/m/n/5 157: Azure Cosmos DB also support geo-local reads and writes, Elasticscaling throughput, failover priorities and consistent database schema and index migration.[] 
 []

Missing character: There is no  in font ot1-zi4r-4!
Missing character: There is no  in font ot1-zi4r-4!
Missing character: There is no  in font ot1-zi4r-4!
Missing character: There is no  in font ot1-zi4r-4!
Missing character: There is no  in font ot1-zi4r-4!
Missing character: There is no  in font ot1-zi4r-4!
Missing character: There is no  in font ot1-zi4r-4!
Missing character: There is no  in font ot1-zi4r-4!
Missing character: There is no  in font ot1-zi4r-4!

Overfull \hbox (3095.60251pt too wide) in paragraph at lines 93--93
[]       \OT1/zi4/m/n/5 1368: Users can dynamically associate priorities to the regions associated with their database account. Priorities are used to direct the requests to specific regions in the event of regional failures. In an unlikely event of a regional disaster, Azure Cosmos DB will automatically failover in the order of priority. In order to test the end-to-end availability of the application, users can manually trigger failover (rate limited to two operations within an hour). Azure Cosmos DB guarantees zero data loss in the case of customer triggered regional failover and guarantees an upper-bound on data loss in the event of a system-triggered automatic failover during a regional disaster. The application does not need to be redeployed upon regional failover, and the availability SLAs are maintained. For this, Azure Cosmos DB allows developers to interact with their resources using either logical (region-agnostic) or physical (region-specific) endpoints. The former ensures that the application can transparently be multi-homed in case of failover; the latter provides fine-grained control to the application to redirect reads and writes to specific regions. The availability guarantees are agnostic of the scale (throughput and storage associated with a customers database), number of regions, or geographical distance between regions associated with a given database.[] 
 []


Overfull \hbox (1230.60251pt too wide) in paragraph at lines 93--93
[]       \OT1/zi4/m/n/5 600: For data analytics, there is direct connectivity from analytics tools such as Power BI to Azure Cosmos DB. Furthermore, Azure Search and Azure Cosmos DB offer native integration through the use of Indexers. The creation and management of data sources (including Azure Cosmos DB) and indexers that operate against those data sources allows Azure Cosmos DB content to be indexed and queried from Azure Search. For mobile app development, Azure Cosmos DB also provides a native integration with Xamarin (a multi-platform app development tool) allowing those apps to be able to store data in the cloud.[] 
 []


Overfull \hbox (257.10251pt too wide) in paragraph at lines 93--93
[]       \OT1/zi4/m/n/5 196: Azure Cosmos DB provides a true schema-agnostic data model while indexing all data types (documents, graphs, tables). Schema could be enforced if required using the Javascript trigger capability.[] 
 []

Missing character: There is no  in font ot1-zi4r-4!
Missing character: There is no  in font ot1-zi4r-4!
Missing character: There is no  in font ot1-zi4r-4!

Overfull \hbox (765.60251pt too wide) in paragraph at lines 93--93
[]       \OT1/zi4/m/n/5 407: Azure Cosmos DB entities are stored as JSON. Primitive data type support is as per JSON (implementation of ARS  atoms, records and sequences). Spatial types are supported using GeoJSON encoding and spatial indexing and queries are supported using the WGS-84 co-ordinate system. Both distance and within spatial operators are provided; collections must be explicitly enabled for spatial data type indexing.[] 
 []


Overfull \hbox (483.60251pt too wide) in paragraph at lines 93--93
[]       \OT1/zi4/m/n/5 289: Azure Cosmos DB provides rich Javascript based programmability for SPROC, triggers and UDFs. Javascript provides a mechanism to support atomic transactional operations and to improve performance by reducing round-trip calls to the service by shredding and manipulating input service side.[] 
 []

Missing character: There is no  in font ot1-zi4r-4!
Missing character: There is no  in font ot1-zi4r-4!

Overfull \hbox (485.60251pt too wide) in paragraph at lines 93--93
[]       \OT1/zi4/m/n/5 292: The Cosmos DB endpoints are standard REST endpoints with JSON payload. A SQL like query syntax is also provided along with SDKs for .NET, Node, Java and Python.Azure Cosmos DB also provides MongoDB protocol compatibility meaning that many MongoDB drivers and supported tools will also work.[] 
 []


Overfull \hbox (361.10251pt too wide) in paragraph at lines 93--93
[]       \OT1/zi4/m/n/5 239: For Azure Cosmos DB, the Azure portal provides CRUD support with syntax highlighting and other IDE-like features including Data Explorer (Graph, Documents, Table). The Microsoft Visual Studio IDE also provides support for Azure Cosmos DB.[] 
 []


Overfull \hbox (191.10251pt too wide) in paragraph at lines 93--93
[]       \OT1/zi4/m/n/5 169: Query execution returns basic statistics about Resource Units consumed, but there is no query-plan mechanism to return a detailed query execution plan from the service.[] 
 []

Missing character: There is no  in font ot1-zi4r-4!
Missing character: There is no  in font ot1-zi4r-4!

Overfull \hbox (336.60251pt too wide) in paragraph at lines 93--93
[]       \OT1/zi4/m/n/5 231: Cosmos DBhas a fully automatic, online backup which is done approximately every 4 hours and the last 2 backups are stored at all times. These backups are stored in Azure Blob Storage to guarantee low latency and efficient upload.[] 
 []


Overfull \hbox (356.10251pt too wide) in paragraph at lines 93--93
[]       \OT1/zi4/m/n/5 239: Authentication to Azure Cosmos DB is by way of master keys and delegated resource tokens. Master keys can be retrieved from and reset via the management portal. Azure Cosmos DB is also integrated with Azure Active Directory at this time.[] 
 []

Missing character: There is no  in font ot1-zi4r-4!
Missing character: There is no  in font ot1-zi4r-4!

Overfull \hbox (534.10251pt too wide) in paragraph at lines 93--93
[]       \OT1/zi4/m/n/5 311: Permissions can be granted at any level of the resource hierarchy; database, collection, document or attachment; this provides item level permission granularity. Permissions are either All which grants full CRUD access or read-only. Execution of procedures requires an All permissions token on the collection.[] 
 []


Overfull \hbox (265.60251pt too wide) in paragraph at lines 93--93
[]       \OT1/zi4/m/n/5 200: Client to service connections must be secured with SSL. Azure Cosmos DB does not support encryption at rest. User requiring an audit capability would need to implement this themselves using triggers.[] 
 []


Overfull \hbox (2617.10251pt too wide) in paragraph at lines 93--93
[]       \OT1/zi4/m/n/5 1167: Azure Cosmos DB is designed to allow users to elastically scale throughput based on the application traffic patterns across different regions to support fluctuating workloads varying both by geography and time. Operating hundreds of thousands of globally distributed and diverse workloads cost-effectively requires fine-grained multi-tenancy, where hundreds of customers share the same machine and yet thousands share the same cluster. As a resource governed system, Azure Cosmos DB is a massively distributed queuing system with cascaded stages of components, each carefully calibrated to deliver predictable throughput while operating within the allotted budget of system resources. In order to optimally utilize the system resources (CPU, memory, disk, and network) available within a given cluster, every machine in the cluster is capable of dynamically hosting from 10s to 100s of entities. Rate-limiting and back-pressure are plumbed across the entire stack from the admission control to all I/O paths. Our database engine is designed to exploit fine-grained concurrency and to deliver high throughput while operating within frugal amounts of system resources.[] 
 []


Overfull \hbox (2384.10251pt too wide) in paragraph at lines 93--93
[]       \OT1/zi4/m/n/5 1072: The number of database operations issued within a unit of time (i.e., throughput) is the fundamental unit of reservation and consumption of system resources. Users can perform wide range of database operations against their data. Depending on the operation type and the size of (the request and response) payload the operation may consume different amounts of system resources. Azure Cosmos DB is designed to include an abstract rate-based currency for throughput called Request Unit or RU which is available in two denominations based on the time granularity - request units/sec (RU/s) and request units per minute (RU/m). Users can therefore elastically scale throughput of a container by programmatically provisioning RU/s (and/or RU/m) on a container. Internally, the system manages resource partitions to deliver the throughput on a given container. Elastically scaling throughput using horizontally partitioning of resources requires that each resource partition is capable of delivering the portion of the overall throughput for a given budget of system resources.[] 
 []

Missing character: There is no  in font ot1-zi4r-4!
Missing character: There is no  in font ot1-zi4r-4!
Missing character: There is no  in font ot1-zi4r-4!

Overfull \hbox (1361.10251pt too wide) in paragraph at lines 93--93
[]       \OT1/zi4/m/n/5 650: Modern application development requires database that ensures Global distribution, elastic horizontal scalability, and multi-model and that is schema-agnostic. Azure Cosmos DB is designed with these requirements in mind. As a cloud-born multi-tenant database system, Azure Cosmos DBs design interleaves resource governance across its entire stack. The system is designed from the ground up to offer global distribution of data, multiple well-defined consistency levels, ability to elastically scale throughput across geographical regions, and comprehensive SLAs encompassing throughput, consistency, latency, and availability to all users and apps.[] 
 []

Missing character: There is no  in font ot1-zi4r-4!
Missing character: There is no  in font ot1-zi4r-4!

Overfull \hbox (459.47751pt too wide) in paragraph at lines 93--93
[]\OT1/zi4/m/n/5 The Cosmos DB endpoints are standard REST endpoints with JSON payload. A SQL like query syntax is also provided along with SDKs for .NET, Node, Java and Python.Azure Cosmos DB also provides MongoDB protocol compatibility meaning that many MongoDB drivers and supported tools will also work.[] 
 []


Overfull \hbox (23.35251pt too wide) in paragraph at lines 93--93
[]                                                                                                                                   \OT1/zi4/m/n/5 ^[] 
 []

) AED endfloat: Processing end Figures and Tables [3.3]
LaTeX Font Info:    Font shape `OT1/LinuxLibertineT-TLF/m/sc' will be
(Font)              scaled to size 9.0pt on input line 12.
Package microtype Info: Character `013' is missing
(microtype)             in font `OT1/LinuxLibertineT-TLF/m/sc/9'.
(microtype)             Ignoring protrusion settings for this character.


Package hyperref Warning: bookmark level for unknown  defaults to 0.


Package hyperref Warning: The anchor of a bookmark and its parent's must not
(hyperref)                be the same. Added a new anchor on input line 12.

(./report.lof)
\tf@lof=\write8
\openout8 = `report.lof'.

 [4.4


] (./report.fff

pdfTeX warning: pdflatex (file ./images/globe.pdf): PDF inclusion: found PDF version <1.7>, but at most version <1.5> allowed
<images/globe.pdf, id=114, 794.97pt x 614.295pt>
File: images/globe.pdf Graphic file (type pdf)
 <use images/globe.pdf>
Package pdftex.def Info: images/globe.pdf used on input line 2.
(pdftex.def)             Requested size: 506.295pt x 391.23528pt.
) [5.5

 <./images/globe.pdf>]
Package atveryend Info: Empty hook `BeforeClearDocument' on input line 12.
Package atveryend Info: Empty hook `AfterLastShipout' on input line 12.
 (./report.aux)
Package atveryend Info: Executing hook `AtVeryEndDocument' on input line 12.
Package atveryend Info: Executing hook `AtEndAfterFileList' on input line 12.
Package rerunfilecheck Info: File `report.out' has not changed.
(rerunfilecheck)             Checksum: D63A14E36FEA9169A0A3CC1B4C9DE9BF;3101.
Package atveryend Info: Empty hook `AtVeryVeryEnd' on input line 12.
 ) 
Here is how much of TeX's memory you used:
 26652 strings out of 493014
 466488 string characters out of 6133351
 580592 words of memory out of 5000000
 29407 multiletter control sequences out of 15000+600000
 45303 words of font info for 148 fonts, out of 8000000 for 9000
 1302 hyphenation exceptions out of 8191
 64i,11n,94p,1409b,487s stack positions out of 5000i,500n,10000p,200000b,80000s
{/usr/local/texlive/2016/texmf-dist/fonts/enc/dvips/libertine/lbtn_tltjc6.enc}{/usr/local/texlive/2016/texmf-dist/fonts/enc/dvips/inconsolata/i4-ts1.enc}{/usr/local/texlive/2016/texmf-dist/fonts/enc/dvips/inconsolata/i4-ot1-4.enc}{/usr/local/texlive/2016/texmf-dist/fonts/enc/dvips/libertine/lbtn_lu7m2n.enc}{/usr/local/texlive/2016/texmf-dist/fonts/enc/dvips/libertine/lbtn_c7kyj5.enc}{/usr/local/texlive/2016/texmf-dist/fonts/enc/dvips/libertine/lbtn_c6xmqr.enc}</usr/local/texlive/2016/texmf-dist/fonts/type1/public/inconsolata/Inconsolata-zi4r.pfb></usr/local/texlive/2016/texmf-dist/fonts/type1/public/libertine/LinBiolinumTB.pfb></usr/local/texlive/2016/texmf-dist/fonts/type1/public/libertine/LinLibertineT.pfb></usr/local/texlive/2016/texmf-dist/fonts/type1/public/libertine/LinLibertineTB.pfb>
Output written on report.pdf (5 pages, 398259 bytes).
PDF statistics:
 154 PDF objects out of 1000 (max. 8388607)
 138 compressed objects within 2 object streams
 27 named destinations out of 1000 (max. 500000)
 22690 words of extra memory for PDF output out of 24883 (max. 10000000)

